<?xml version="1.0" encoding="UTF-8"?>
<!-- Generated by org.testng.reporters.JUnitReportReporter -->
<testsuite hostname="LAPTOP-NBA0O0A3" failures="0" tests="1" name="POIWebdriverExcel.AP10" time="6.054" errors="0" timestamp="2023-08-29T19:58:56 IST" skipped="0">
  <testcase classname="POIWebdriverExcel.AP10" name="exceloperation" time="6.054"/>
</testsuite> <!-- POIWebdriverExcel.AP10 -->
