<?xml version="1.0" encoding="UTF-8"?>
<!-- Generated by org.testng.reporters.JUnitReportReporter -->
<testsuite hostname="LAPTOP-NBA0O0A3" failures="0" tests="1" name="POIWebdriverExcel.AP11" time="10.612" errors="0" timestamp="2023-08-29T20:21:29 IST" skipped="0">
  <testcase classname="POIWebdriverExcel.AP11" name="exceloperation" time="10.612"/>
</testsuite> <!-- POIWebdriverExcel.AP11 -->
