<?xml version="1.0" encoding="UTF-8"?>
<!-- Generated by org.testng.reporters.JUnitReportReporter -->
<testsuite hostname="LAPTOP-NBA0O0A3" failures="0" tests="2" name="ChromeBrowser.Lg" time="0.001" errors="0" timestamp="2023-08-27T17:27:50 IST" skipped="2">
  <testcase classname="ChromeBrowser.Lg" name="FISlogin" time="0.000">
    <skipped/>
  </testcase> <!-- FISlogin -->
  <testcase classname="ChromeBrowser.Lg" name="FISlogout" time="0.001">
    <skipped/>
  </testcase> <!-- FISlogout -->
</testsuite> <!-- ChromeBrowser.Lg -->
