<?xml version="1.0" encoding="UTF-8"?>
<!-- Generated by org.testng.reporters.JUnitReportReporter -->
<testsuite hostname="LAPTOP-NBA0O0A3" failures="0" tests="1" name="ChromeBrowser.JSE3" time="0.055" errors="0" timestamp="2023-08-10T21:17:13 IST" skipped="0">
  <testcase classname="ChromeBrowser.JSE3" name="operation" time="0.055"/>
</testsuite> <!-- ChromeBrowser.JSE3 -->
