<?xml version="1.0" encoding="UTF-8"?>
<!-- Generated by org.testng.reporters.JUnitReportReporter -->
<testsuite hostname="LAPTOP-NBA0O0A3" failures="0" tests="1" name="ChromeBrowser.Action2" time="5.152" errors="0" timestamp="2023-08-12T18:43:12 IST" skipped="0">
  <testcase classname="ChromeBrowser.Action2" name="operation" time="5.152"/>
</testsuite> <!-- ChromeBrowser.Action2 -->
