<?xml version="1.0" encoding="UTF-8"?>
<!-- Generated by org.testng.reporters.JUnitReportReporter -->
<testsuite hostname="LAPTOP-NBA0O0A3" failures="0" tests="1" name="ChromeBrowser.JS4" time="3.100" errors="0" timestamp="2023-08-10T21:30:25 IST" skipped="0">
  <testcase classname="ChromeBrowser.JS4" name="operation" time="3.100"/>
</testsuite> <!-- ChromeBrowser.JS4 -->
