<?xml version="1.0" encoding="UTF-8"?>
<!-- Generated by org.testng.reporters.JUnitReportReporter -->
<testsuite hostname="LAPTOP-NBA0O0A3" failures="0" tests="5" name="ChromeBrowser.TestNG" time="0.013" errors="0" timestamp="2023-07-31T21:13:21 IST" skipped="1">
  <testcase classname="ChromeBrowser.TestNG" name="navigate" time="0.008"/>
  <testcase classname="ChromeBrowser.TestNG" name="login" time="0.003"/>
  <testcase classname="ChromeBrowser.TestNG" name="dailyreports" time="0.001"/>
  <testcase classname="ChromeBrowser.TestNG" name="logout" time="0.001"/>
  <testcase classname="ChromeBrowser.TestNG" name="Register">
    <skipped/>
  </testcase> <!-- Register -->
</testsuite> <!-- ChromeBrowser.TestNG -->
