<?xml version="1.0" encoding="UTF-8"?>
<!-- Generated by org.testng.reporters.JUnitReportReporter -->
<testsuite hostname="LAPTOP-NBA0O0A3" failures="0" tests="1" name="ChromeBrowser.Cookiess" time="4.326" errors="0" timestamp="2023-08-10T22:23:36 IST" skipped="0">
  <testcase classname="ChromeBrowser.Cookiess" name="operation" time="4.326"/>
</testsuite> <!-- ChromeBrowser.Cookiess -->
