<?xml version="1.0" encoding="UTF-8"?>
<!-- Generated by org.testng.reporters.JUnitReportReporter -->
<testsuite hostname="LAPTOP-NBA0O0A3" failures="0" tests="1" name="ChromeBrowser.WebTable4" time="1.195" errors="0" timestamp="2023-08-09T17:26:30 IST" skipped="0">
  <testcase classname="ChromeBrowser.WebTable4" name="data" time="1.195"/>
</testsuite> <!-- ChromeBrowser.WebTable4 -->
