<?xml version="1.0" encoding="UTF-8"?>
<!-- Generated by org.testng.reporters.JUnitReportReporter -->
<testsuite hostname="LAPTOP-NBA0O0A3" failures="0" tests="1" name="ChromeBrowser.WebTable2" time="298.284" errors="0" timestamp="2023-08-09T15:35:45 IST" skipped="0">
  <testcase classname="ChromeBrowser.WebTable2" name="data" time="298.284"/>
</testsuite> <!-- ChromeBrowser.WebTable2 -->
