<?xml version="1.0" encoding="UTF-8"?>
<!-- Generated by org.testng.reporters.JUnitReportReporter -->
<testsuite hostname="LAPTOP-NBA0O0A3" failures="0" tests="1" name="ChromeBrowser.Action1" time="1.597" errors="0" timestamp="2023-08-12T17:08:29 IST" skipped="0">
  <testcase classname="ChromeBrowser.Action1" name="operation" time="1.597"/>
</testsuite> <!-- ChromeBrowser.Action1 -->
