<?xml version="1.0" encoding="UTF-8"?>
<!-- Generated by org.testng.reporters.JUnitReportReporter -->
<testsuite hostname="LAPTOP-NBA0O0A3" failures="0" tests="1" name="ChromeBrowser.Alert2" time="20.137" errors="0" timestamp="2023-08-10T23:50:03 IST" skipped="0">
  <testcase classname="ChromeBrowser.Alert2" name="operation" time="20.137"/>
</testsuite> <!-- ChromeBrowser.Alert2 -->
