<?xml version="1.0" encoding="UTF-8"?>
<!-- Generated by org.testng.reporters.JUnitReportReporter -->
<testsuite hostname="LAPTOP-NBA0O0A3" failures="0" tests="1" name="ChromeBrowser.BootstrapWindow" time="0.252" errors="0" timestamp="2023-08-10T22:59:11 IST" skipped="0">
  <testcase classname="ChromeBrowser.BootstrapWindow" name="operation" time="0.252"/>
</testsuite> <!-- ChromeBrowser.BootstrapWindow -->
