<?xml version="1.0" encoding="UTF-8"?>
<!-- Generated by org.testng.reporters.JUnitReportReporter -->
<testsuite hostname="LAPTOP-NBA0O0A3" failures="0" tests="1" name="ChromeBrowser.Alert1" time="0.111" errors="0" timestamp="2023-08-12T18:14:49 IST" skipped="0">
  <testcase classname="ChromeBrowser.Alert1" name="operation" time="0.111"/>
</testsuite> <!-- ChromeBrowser.Alert1 -->
