<?xml version="1.0" encoding="UTF-8"?>
<!-- Generated by org.testng.reporters.JUnitReportReporter -->
<testsuite hostname="LAPTOP-NBA0O0A3" failures="0" tests="1" name="ChromeBrowser.JSE5" time="0.106" errors="0" timestamp="2023-08-10T21:10:16 IST" skipped="0">
  <testcase classname="ChromeBrowser.JSE5" name="operation" time="0.106"/>
</testsuite> <!-- ChromeBrowser.JSE5 -->
