<?xml version="1.0" encoding="UTF-8"?>
<!-- Generated by org.testng.reporters.JUnitReportReporter -->
<testsuite hostname="LAPTOP-NBA0O0A3" failures="0" tests="1" name="ChromeBrowser.JSE6" time="12.689" errors="0" timestamp="2023-08-10T21:41:47 IST" skipped="0">
  <testcase classname="ChromeBrowser.JSE6" name="operation" time="12.689"/>
</testsuite> <!-- ChromeBrowser.JSE6 -->
