<?xml version="1.0" encoding="UTF-8"?>
<!-- Generated by org.testng.reporters.JUnitReportReporter -->
<testsuite hostname="LAPTOP-NBA0O0A3" failures="0" tests="1" name="ChromeBrowser.Action3" time="8.606" errors="0" timestamp="2023-08-12T19:16:59 IST" skipped="0">
  <testcase classname="ChromeBrowser.Action3" name="operation" time="8.606"/>
</testsuite> <!-- ChromeBrowser.Action3 -->
