<?xml version="1.0" encoding="UTF-8"?>
<!-- Generated by org.testng.reporters.JUnitReportReporter -->
<testsuite hostname="LAPTOP-NBA0O0A3" failures="0" tests="1" name="ChromeBrowser.WebTable5" time="0.000" errors="0" timestamp="2023-08-27T17:27:50 IST" skipped="1">
  <testcase classname="ChromeBrowser.WebTable5" name="data" time="0.000">
    <skipped/>
  </testcase> <!-- data -->
</testsuite> <!-- ChromeBrowser.WebTable5 -->
