<?xml version="1.0" encoding="UTF-8"?>
<!-- Generated by org.testng.reporters.JUnitReportReporter -->
<testsuite hostname="LAPTOP-NBA0O0A3" failures="0" tests="1" name="ChromeBrowser.JSE1" time="15.865" errors="0" timestamp="2023-08-10T20:39:15 IST" skipped="0">
  <testcase classname="ChromeBrowser.JSE1" name="data" time="15.865"/>
</testsuite> <!-- ChromeBrowser.JSE1 -->
