<?xml version="1.0" encoding="UTF-8"?>
<!-- Generated by org.testng.reporters.JUnitReportReporter -->
<testsuite hostname="LAPTOP-NBA0O0A3" failures="0" tests="5" name="ChromeBrowser.TestNG" time="0.000" errors="0" timestamp="2023-08-27T17:27:50 IST" skipped="5">
  <testcase classname="ChromeBrowser.TestNG" name="navigate" time="0.000">
    <skipped/>
  </testcase> <!-- navigate -->
  <testcase classname="ChromeBrowser.TestNG" name="login" time="0.000">
    <skipped/>
  </testcase> <!-- login -->
  <testcase classname="ChromeBrowser.TestNG" name="dailyreports" time="0.000">
    <skipped/>
  </testcase> <!-- dailyreports -->
  <testcase classname="ChromeBrowser.TestNG" name="logout" time="0.000">
    <skipped/>
  </testcase> <!-- logout -->
  <testcase classname="ChromeBrowser.TestNG" name="Register">
    <skipped/>
  </testcase> <!-- Register -->
</testsuite> <!-- ChromeBrowser.TestNG -->
