<?xml version="1.0" encoding="UTF-8"?>
<!-- Generated by org.testng.reporters.JUnitReportReporter -->
<testsuite hostname="LAPTOP-NBA0O0A3" failures="0" tests="1" name="ChromeBrowser.WebTable3" time="35.936" errors="0" timestamp="2023-08-09T15:50:05 IST" skipped="0">
  <testcase classname="ChromeBrowser.WebTable3" name="data" time="35.936"/>
</testsuite> <!-- ChromeBrowser.WebTable3 -->
