<?xml version="1.0" encoding="UTF-8"?>
<!-- Generated by org.testng.reporters.JUnitReportReporter -->
<testsuite hostname="LAPTOP-NBA0O0A3" failures="0" tests="1" name="ChromeBrowser.WebTable1" time="0.000" errors="0" timestamp="2023-08-27T17:27:50 IST" skipped="1">
  <testcase classname="ChromeBrowser.WebTable1" name="count" time="0.000">
    <skipped/>
  </testcase> <!-- count -->
</testsuite> <!-- ChromeBrowser.WebTable1 -->
