<?xml version="1.0" encoding="UTF-8"?>
<!-- Generated by org.testng.reporters.JUnitReportReporter -->
<testsuite hostname="LAPTOP-NBA0O0A3" failures="0" tests="1" name="ChromeBrowser.Action5" time="9.571" errors="0" timestamp="2023-08-12T19:57:19 IST" skipped="0">
  <testcase classname="ChromeBrowser.Action5" name="operation" time="9.571"/>
</testsuite> <!-- ChromeBrowser.Action5 -->
