<?xml version="1.0" encoding="UTF-8"?>
<!-- Generated by org.testng.reporters.JUnitReportReporter -->
<testsuite hostname="LAPTOP-NBA0O0A3" failures="0" tests="1" name="ChromeBrowser.JSE2" time="0.032" errors="0" timestamp="2023-08-10T20:50:05 IST" skipped="0">
  <testcase classname="ChromeBrowser.JSE2" name="data" time="0.032"/>
</testsuite> <!-- ChromeBrowser.JSE2 -->
