<?xml version="1.0" encoding="UTF-8"?>
<!-- Generated by org.testng.reporters.JUnitReportReporter -->
<testsuite hostname="LAPTOP-NBA0O0A3" failures="0" tests="1" name="ChromeBrowser.WebTable1" time="80.730" errors="0" timestamp="2023-08-09T14:45:50 IST" skipped="0">
  <testcase classname="ChromeBrowser.WebTable1" name="operation" time="80.730"/>
</testsuite> <!-- ChromeBrowser.WebTable1 -->
