<?xml version="1.0" encoding="UTF-8"?>
<!-- Generated by org.testng.reporters.JUnitReportReporter -->
<testsuite hostname="LAPTOP-NBA0O0A3" failures="0" tests="2" name="ChromeBrowser.Lg" time="14.822" errors="0" timestamp="2023-08-24T19:43:47 IST" skipped="0">
  <testcase classname="ChromeBrowser.Lg" name="FISlogin" time="3.436"/>
  <testcase classname="ChromeBrowser.Lg" name="FISlogout" time="11.386"/>
</testsuite> <!-- ChromeBrowser.Lg -->
