<?xml version="1.0" encoding="UTF-8"?>
<!-- Generated by org.testng.reporters.JUnitReportReporter -->
<testsuite hostname="LAPTOP-NBA0O0A3" failures="0" tests="1" name="ChromeBrowser.WebTable5" time="4.045" errors="0" timestamp="2023-08-09T18:03:26 IST" skipped="0">
  <testcase classname="ChromeBrowser.WebTable5" name="data" time="4.045"/>
</testsuite> <!-- ChromeBrowser.WebTable5 -->
