<?xml version="1.0" encoding="UTF-8"?>
<!-- Generated by org.testng.reporters.JUnitReportReporter -->
<testsuite hostname="LAPTOP-NBA0O0A3" failures="0" tests="2" name="ChromeBrowser.OrangeHRMTestNG" time="14.651" errors="0" timestamp="2023-07-31T22:13:10 IST" skipped="0">
  <testcase classname="ChromeBrowser.OrangeHRMTestNG" name="login" time="4.851"/>
  <testcase classname="ChromeBrowser.OrangeHRMTestNG" name="logout" time="9.800"/>
</testsuite> <!-- ChromeBrowser.OrangeHRMTestNG -->
